2020-10-12 21:51:44.140  INFO 12316 --- [restartedMain] c.wjq.config.SpringbootDemoApplication   : Starting SpringbootDemoApplication on JRA1W1PF228H1N with PID 12316 (D:\IdeaProjects\WJQ\springboot-demo\target\classes started by wangjianqiang24 in D:\IdeaProjects\WJQ)
2020-10-12 21:51:44.143  INFO 12316 --- [restartedMain] c.wjq.config.SpringbootDemoApplication   : No active profile set, falling back to default profiles: default
2020-10-12 21:51:44.188  INFO 12316 --- [restartedMain] .e.DevToolsPropertyDefaultsPostProcessor : Devtools property defaults active! Set 'spring.devtools.add-properties' to 'false' to disable
2020-10-12 21:51:44.189  INFO 12316 --- [restartedMain] .e.DevToolsPropertyDefaultsPostProcessor : For additional web related logging consider setting the 'logging.level.web' property to 'DEBUG'
2020-10-12 21:51:45.195  INFO 12316 --- [restartedMain] o.s.b.w.embedded.tomcat.TomcatWebServer  : Tomcat initialized with port(s): 8080 (http)
2020-10-12 21:51:45.202  INFO 12316 --- [restartedMain] o.apache.catalina.core.StandardService   : Starting service [Tomcat]
2020-10-12 21:51:45.203  INFO 12316 --- [restartedMain] org.apache.catalina.core.StandardEngine  : Starting Servlet engine: [Apache Tomcat/9.0.38]
2020-10-12 21:51:45.283  INFO 12316 --- [restartedMain] o.a.c.c.C.[Tomcat].[localhost].[/]       : Initializing Spring embedded WebApplicationContext
2020-10-12 21:51:45.283  INFO 12316 --- [restartedMain] w.s.c.ServletWebServerApplicationContext : Root WebApplicationContext: initialization completed in 1094 ms
2020-10-12 21:51:45.457  INFO 12316 --- [restartedMain] o.s.s.concurrent.ThreadPoolTaskExecutor  : Initializing ExecutorService 'applicationTaskExecutor'
2020-10-12 21:51:45.701  INFO 12316 --- [restartedMain] o.s.b.d.a.OptionalLiveReloadServer       : LiveReload server is running on port 35729
2020-10-12 21:51:45.746  INFO 12316 --- [restartedMain] o.s.b.w.embedded.tomcat.TomcatWebServer  : Tomcat started on port(s): 8080 (http) with context path ''
2020-10-12 21:51:45.756  INFO 12316 --- [restartedMain] c.wjq.config.SpringbootDemoApplication   : Started SpringbootDemoApplication in 276.09 seconds (JVM running for 295.97)
2020-10-12 21:51:50.578  INFO 12316 --- [SpringContextShutdownHook] o.s.s.concurrent.ThreadPoolTaskExecutor  : Shutting down ExecutorService 'applicationTaskExecutor'
2020-10-12 21:51:54.169  INFO 15012 --- [restartedMain] c.wjq.config.SpringbootDemoApplication   : Starting SpringbootDemoApplication on JRA1W1PF228H1N with PID 15012 (D:\IdeaProjects\WJQ\springboot-demo\target\classes started by wangjianqiang24 in D:\IdeaProjects\WJQ)
2020-10-12 21:51:54.172  INFO 15012 --- [restartedMain] c.wjq.config.SpringbootDemoApplication   : No active profile set, falling back to default profiles: default
2020-10-12 21:51:54.221  INFO 15012 --- [restartedMain] .e.DevToolsPropertyDefaultsPostProcessor : Devtools property defaults active! Set 'spring.devtools.add-properties' to 'false' to disable
2020-10-12 21:51:54.221  INFO 15012 --- [restartedMain] .e.DevToolsPropertyDefaultsPostProcessor : For additional web related logging consider setting the 'logging.level.web' property to 'DEBUG'
2020-10-12 21:51:54.993  INFO 15012 --- [restartedMain] o.s.b.w.embedded.tomcat.TomcatWebServer  : Tomcat initialized with port(s): 8080 (http)
2020-10-12 21:51:55.000  INFO 15012 --- [restartedMain] o.apache.catalina.core.StandardService   : Starting service [Tomcat]
2020-10-12 21:51:55.000  INFO 15012 --- [restartedMain] org.apache.catalina.core.StandardEngine  : Starting Servlet engine: [Apache Tomcat/9.0.38]
2020-10-12 21:51:55.074  INFO 15012 --- [restartedMain] o.a.c.c.C.[Tomcat].[localhost].[/]       : Initializing Spring embedded WebApplicationContext
2020-10-12 21:51:55.074  INFO 15012 --- [restartedMain] w.s.c.ServletWebServerApplicationContext : Root WebApplicationContext: initialization completed in 853 ms
2020-10-12 21:51:55.212  INFO 15012 --- [restartedMain] o.s.s.concurrent.ThreadPoolTaskExecutor  : Initializing ExecutorService 'applicationTaskExecutor'
2020-10-12 21:51:55.360  INFO 15012 --- [restartedMain] o.s.b.d.a.OptionalLiveReloadServer       : LiveReload server is running on port 35729
2020-10-12 21:51:55.388  INFO 15012 --- [restartedMain] o.s.b.w.embedded.tomcat.TomcatWebServer  : Tomcat started on port(s): 8080 (http) with context path ''
2020-10-12 21:51:55.396  INFO 15012 --- [restartedMain] c.wjq.config.SpringbootDemoApplication   : Started SpringbootDemoApplication in 1.583 seconds (JVM running for 2.473)
2020-10-12 21:52:06.015  INFO 1728 --- [restartedMain] c.wjq.config.SpringbootDemoApplication   : Starting SpringbootDemoApplication on JRA1W1PF228H1N with PID 1728 (D:\IdeaProjects\WJQ\springboot-demo\target\classes started by wangjianqiang24 in D:\IdeaProjects\WJQ)
2020-10-12 21:52:06.017  INFO 1728 --- [restartedMain] c.wjq.config.SpringbootDemoApplication   : No active profile set, falling back to default profiles: default
2020-10-12 21:52:06.068  INFO 1728 --- [restartedMain] .e.DevToolsPropertyDefaultsPostProcessor : Devtools property defaults active! Set 'spring.devtools.add-properties' to 'false' to disable
2020-10-12 21:52:06.068  INFO 1728 --- [restartedMain] .e.DevToolsPropertyDefaultsPostProcessor : For additional web related logging consider setting the 'logging.level.web' property to 'DEBUG'
2020-10-12 21:52:06.855  INFO 1728 --- [restartedMain] o.s.b.w.embedded.tomcat.TomcatWebServer  : Tomcat initialized with port(s): 8080 (http)
2020-10-12 21:52:06.862  INFO 1728 --- [restartedMain] o.apache.catalina.core.StandardService   : Starting service [Tomcat]
2020-10-12 21:52:06.862  INFO 1728 --- [restartedMain] org.apache.catalina.core.StandardEngine  : Starting Servlet engine: [Apache Tomcat/9.0.38]
2020-10-12 21:52:06.945  INFO 1728 --- [restartedMain] o.a.c.c.C.[Tomcat].[localhost].[/]       : Initializing Spring embedded WebApplicationContext
2020-10-12 21:52:06.945  INFO 1728 --- [restartedMain] w.s.c.ServletWebServerApplicationContext : Root WebApplicationContext: initialization completed in 877 ms
2020-10-12 21:52:07.076  INFO 1728 --- [restartedMain] o.s.s.concurrent.ThreadPoolTaskExecutor  : Initializing ExecutorService 'applicationTaskExecutor'
2020-10-12 21:52:07.224  INFO 1728 --- [restartedMain] o.s.b.d.a.OptionalLiveReloadServer       : LiveReload server is running on port 35729
2020-10-12 21:52:07.250  INFO 1728 --- [restartedMain] o.s.b.w.embedded.tomcat.TomcatWebServer  : Tomcat started on port(s): 8080 (http) with context path ''
2020-10-12 21:52:07.260  INFO 1728 --- [restartedMain] c.wjq.config.SpringbootDemoApplication   : Started SpringbootDemoApplication in 1.58 seconds (JVM running for 2.356)
2020-10-12 21:52:13.995  INFO 13496 --- [restartedMain] c.wjq.config.SpringbootDemoApplication   : Starting SpringbootDemoApplication on JRA1W1PF228H1N with PID 13496 (D:\IdeaProjects\WJQ\springboot-demo\target\classes started by wangjianqiang24 in D:\IdeaProjects\WJQ)
2020-10-12 21:52:13.997  INFO 13496 --- [restartedMain] c.wjq.config.SpringbootDemoApplication   : No active profile set, falling back to default profiles: default
2020-10-12 21:52:14.036  INFO 13496 --- [restartedMain] .e.DevToolsPropertyDefaultsPostProcessor : Devtools property defaults active! Set 'spring.devtools.add-properties' to 'false' to disable
2020-10-12 21:52:14.036  INFO 13496 --- [restartedMain] .e.DevToolsPropertyDefaultsPostProcessor : For additional web related logging consider setting the 'logging.level.web' property to 'DEBUG'
2020-10-12 21:52:14.799  INFO 13496 --- [restartedMain] o.s.b.w.embedded.tomcat.TomcatWebServer  : Tomcat initialized with port(s): 8080 (http)
2020-10-12 21:52:14.806  INFO 13496 --- [restartedMain] o.apache.catalina.core.StandardService   : Starting service [Tomcat]
2020-10-12 21:52:14.807  INFO 13496 --- [restartedMain] org.apache.catalina.core.StandardEngine  : Starting Servlet engine: [Apache Tomcat/9.0.38]
2020-10-12 21:52:14.883  INFO 13496 --- [restartedMain] o.a.c.c.C.[Tomcat].[localhost].[/]       : Initializing Spring embedded WebApplicationContext
2020-10-12 21:52:14.883  INFO 13496 --- [restartedMain] w.s.c.ServletWebServerApplicationContext : Root WebApplicationContext: initialization completed in 846 ms
2020-10-12 21:52:15.029  INFO 13496 --- [restartedMain] o.s.s.concurrent.ThreadPoolTaskExecutor  : Initializing ExecutorService 'applicationTaskExecutor'
2020-10-12 21:52:15.190  INFO 13496 --- [restartedMain] o.s.b.d.a.OptionalLiveReloadServer       : LiveReload server is running on port 35729
2020-10-12 21:52:15.222  INFO 13496 --- [restartedMain] o.s.b.w.embedded.tomcat.TomcatWebServer  : Tomcat started on port(s): 8080 (http) with context path ''
2020-10-12 21:52:15.230  INFO 13496 --- [restartedMain] c.wjq.config.SpringbootDemoApplication   : Started SpringbootDemoApplication in 1.533 seconds (JVM running for 6.712)
2020-10-12 21:52:26.546  INFO 13496 --- [SpringContextShutdownHook] o.s.s.concurrent.ThreadPoolTaskExecutor  : Shutting down ExecutorService 'applicationTaskExecutor'
2020-10-12 21:52:30.983  INFO 14488 --- [restartedMain] c.wjq.config.SpringbootDemoApplication   : Starting SpringbootDemoApplication on JRA1W1PF228H1N with PID 14488 (D:\IdeaProjects\WJQ\springboot-demo\target\classes started by wangjianqiang24 in D:\IdeaProjects\WJQ)
2020-10-12 21:52:30.985  INFO 14488 --- [restartedMain] c.wjq.config.SpringbootDemoApplication   : No active profile set, falling back to default profiles: default
2020-10-12 21:52:31.026  INFO 14488 --- [restartedMain] .e.DevToolsPropertyDefaultsPostProcessor : Devtools property defaults active! Set 'spring.devtools.add-properties' to 'false' to disable
2020-10-12 21:52:31.027  INFO 14488 --- [restartedMain] .e.DevToolsPropertyDefaultsPostProcessor : For additional web related logging consider setting the 'logging.level.web' property to 'DEBUG'
2020-10-12 21:52:31.759  INFO 14488 --- [restartedMain] o.s.b.w.embedded.tomcat.TomcatWebServer  : Tomcat initialized with port(s): 8080 (http)
2020-10-12 21:52:31.771  INFO 14488 --- [restartedMain] o.apache.catalina.core.StandardService   : Starting service [Tomcat]
2020-10-12 21:52:31.771  INFO 14488 --- [restartedMain] org.apache.catalina.core.StandardEngine  : Starting Servlet engine: [Apache Tomcat/9.0.38]
2020-10-12 21:52:31.845  INFO 14488 --- [restartedMain] o.a.c.c.C.[Tomcat].[localhost].[/]       : Initializing Spring embedded WebApplicationContext
2020-10-12 21:52:31.846  INFO 14488 --- [restartedMain] w.s.c.ServletWebServerApplicationContext : Root WebApplicationContext: initialization completed in 819 ms
2020-10-12 21:52:31.993  INFO 14488 --- [restartedMain] o.s.s.concurrent.ThreadPoolTaskExecutor  : Initializing ExecutorService 'applicationTaskExecutor'
2020-10-12 21:52:32.147  INFO 14488 --- [restartedMain] o.s.b.d.a.OptionalLiveReloadServer       : LiveReload server is running on port 35729
2020-10-12 21:52:32.177  INFO 14488 --- [restartedMain] o.s.b.w.embedded.tomcat.TomcatWebServer  : Tomcat started on port(s): 8080 (http) with context path ''
2020-10-12 21:52:32.187  INFO 14488 --- [restartedMain] c.wjq.config.SpringbootDemoApplication   : Started SpringbootDemoApplication in 1.503 seconds (JVM running for 3.95)
2020-10-12 21:52:40.000  INFO 14488 --- [SpringContextShutdownHook] o.s.s.concurrent.ThreadPoolTaskExecutor  : Shutting down ExecutorService 'applicationTaskExecutor'
2020-10-12 21:52:47.908  INFO 11440 --- [restartedMain] c.wjq.config.SpringbootDemoApplication   : Starting SpringbootDemoApplication on JRA1W1PF228H1N with PID 11440 (D:\IdeaProjects\WJQ\springboot-demo\target\classes started by wangjianqiang24 in D:\IdeaProjects\WJQ)
2020-10-12 21:52:47.913  INFO 11440 --- [restartedMain] c.wjq.config.SpringbootDemoApplication   : No active profile set, falling back to default profiles: default
2020-10-12 21:52:47.954  INFO 11440 --- [restartedMain] .e.DevToolsPropertyDefaultsPostProcessor : Devtools property defaults active! Set 'spring.devtools.add-properties' to 'false' to disable
2020-10-12 21:52:47.954  INFO 11440 --- [restartedMain] .e.DevToolsPropertyDefaultsPostProcessor : For additional web related logging consider setting the 'logging.level.web' property to 'DEBUG'
2020-10-12 21:52:48.678  INFO 11440 --- [restartedMain] o.s.b.w.embedded.tomcat.TomcatWebServer  : Tomcat initialized with port(s): 8080 (http)
2020-10-12 21:52:48.687  INFO 11440 --- [restartedMain] o.apache.catalina.core.StandardService   : Starting service [Tomcat]
2020-10-12 21:52:48.687  INFO 11440 --- [restartedMain] org.apache.catalina.core.StandardEngine  : Starting Servlet engine: [Apache Tomcat/9.0.38]
2020-10-12 21:52:48.765  INFO 11440 --- [restartedMain] o.a.c.c.C.[Tomcat].[localhost].[/]       : Initializing Spring embedded WebApplicationContext
2020-10-12 21:52:48.765  INFO 11440 --- [restartedMain] w.s.c.ServletWebServerApplicationContext : Root WebApplicationContext: initialization completed in 811 ms
2020-10-12 21:52:48.905  INFO 11440 --- [restartedMain] o.s.s.concurrent.ThreadPoolTaskExecutor  : Initializing ExecutorService 'applicationTaskExecutor'
2020-10-12 21:52:49.060  INFO 11440 --- [restartedMain] o.s.b.d.a.OptionalLiveReloadServer       : LiveReload server is running on port 35729
2020-10-12 21:52:49.088  INFO 11440 --- [restartedMain] o.s.b.w.embedded.tomcat.TomcatWebServer  : Tomcat started on port(s): 8080 (http) with context path ''
2020-10-12 21:52:49.096  INFO 11440 --- [restartedMain] c.wjq.config.SpringbootDemoApplication   : Started SpringbootDemoApplication in 1.484 seconds (JVM running for 5.479)
2020-10-12 21:52:56.050  INFO 11440 --- [SpringContextShutdownHook] o.s.s.concurrent.ThreadPoolTaskExecutor  : Shutting down ExecutorService 'applicationTaskExecutor'
2020-10-12 21:53:15.465  INFO 11412 --- [restartedMain] c.wjq.config.SpringbootDemoApplication   : Starting SpringbootDemoApplication on JRA1W1PF228H1N with PID 11412 (D:\IdeaProjects\WJQ\springboot-demo\target\classes started by wangjianqiang24 in D:\IdeaProjects\WJQ)
2020-10-12 21:53:15.474  INFO 11412 --- [restartedMain] c.wjq.config.SpringbootDemoApplication   : No active profile set, falling back to default profiles: default
2020-10-12 21:53:15.678  INFO 11412 --- [restartedMain] .e.DevToolsPropertyDefaultsPostProcessor : Devtools property defaults active! Set 'spring.devtools.add-properties' to 'false' to disable
2020-10-12 21:53:15.680  INFO 11412 --- [restartedMain] .e.DevToolsPropertyDefaultsPostProcessor : For additional web related logging consider setting the 'logging.level.web' property to 'DEBUG'
2020-10-12 21:53:21.604  INFO 11412 --- [restartedMain] o.s.b.w.embedded.tomcat.TomcatWebServer  : Tomcat initialized with port(s): 8080 (http)
2020-10-12 21:53:21.634  INFO 11412 --- [restartedMain] o.apache.catalina.core.StandardService   : Starting service [Tomcat]
2020-10-12 21:53:21.635  INFO 11412 --- [restartedMain] org.apache.catalina.core.StandardEngine  : Starting Servlet engine: [Apache Tomcat/9.0.38]
2020-10-12 21:53:21.991  INFO 11412 --- [restartedMain] o.a.c.c.C.[Tomcat].[localhost].[/]       : Initializing Spring embedded WebApplicationContext
2020-10-12 21:53:21.991  INFO 11412 --- [restartedMain] w.s.c.ServletWebServerApplicationContext : Root WebApplicationContext: initialization completed in 4339 ms
2020-10-12 21:53:23.162  INFO 11412 --- [restartedMain] o.s.s.concurrent.ThreadPoolTaskExecutor  : Initializing ExecutorService 'applicationTaskExecutor'
2020-10-12 21:53:24.231  INFO 11412 --- [restartedMain] o.s.b.d.a.OptionalLiveReloadServer       : LiveReload server is running on port 35729
2020-10-12 21:53:24.453  INFO 11412 --- [restartedMain] o.s.b.w.embedded.tomcat.TomcatWebServer  : Tomcat started on port(s): 8080 (http) with context path ''
2020-10-12 21:53:38.941  INFO 11412 --- [restartedMain] c.wjq.config.SpringbootDemoApplication   : Started SpringbootDemoApplication in 38.553 seconds (JVM running for 40.904)
2020-10-12 21:55:15.769  INFO 11412 --- [SpringContextShutdownHook] o.s.s.concurrent.ThreadPoolTaskExecutor  : Shutting down ExecutorService 'applicationTaskExecutor'
2020-10-12 21:55:21.324  INFO 14600 --- [restartedMain] c.wjq.config.SpringbootDemoApplication   : Starting SpringbootDemoApplication on JRA1W1PF228H1N with PID 14600 (D:\IdeaProjects\WJQ\springboot-demo\target\classes started by wangjianqiang24 in D:\IdeaProjects\WJQ)
2020-10-12 21:55:21.327  INFO 14600 --- [restartedMain] c.wjq.config.SpringbootDemoApplication   : No active profile set, falling back to default profiles: default
2020-10-12 21:55:21.365  INFO 14600 --- [restartedMain] .e.DevToolsPropertyDefaultsPostProcessor : Devtools property defaults active! Set 'spring.devtools.add-properties' to 'false' to disable
2020-10-12 21:55:21.365  INFO 14600 --- [restartedMain] .e.DevToolsPropertyDefaultsPostProcessor : For additional web related logging consider setting the 'logging.level.web' property to 'DEBUG'
2020-10-12 21:55:22.106  INFO 14600 --- [restartedMain] o.s.b.w.embedded.tomcat.TomcatWebServer  : Tomcat initialized with port(s): 8080 (http)
2020-10-12 21:55:22.115  INFO 14600 --- [restartedMain] o.apache.catalina.core.StandardService   : Starting service [Tomcat]
2020-10-12 21:55:22.115  INFO 14600 --- [restartedMain] org.apache.catalina.core.StandardEngine  : Starting Servlet engine: [Apache Tomcat/9.0.38]
2020-10-12 21:55:22.189  INFO 14600 --- [restartedMain] o.a.c.c.C.[Tomcat].[localhost].[/]       : Initializing Spring embedded WebApplicationContext
2020-10-12 21:55:22.189  INFO 14600 --- [restartedMain] w.s.c.ServletWebServerApplicationContext : Root WebApplicationContext: initialization completed in 824 ms
2020-10-12 21:55:22.337  INFO 14600 --- [restartedMain] o.s.s.concurrent.ThreadPoolTaskExecutor  : Initializing ExecutorService 'applicationTaskExecutor'
2020-10-12 21:55:22.491  INFO 14600 --- [restartedMain] o.s.b.d.a.OptionalLiveReloadServer       : LiveReload server is running on port 35729
2020-10-12 21:55:22.521  INFO 14600 --- [restartedMain] o.s.b.w.embedded.tomcat.TomcatWebServer  : Tomcat started on port(s): 8080 (http) with context path ''
2020-10-12 21:55:22.531  INFO 14600 --- [restartedMain] c.wjq.config.SpringbootDemoApplication   : Started SpringbootDemoApplication in 2.942 seconds (JVM running for 4.162)
2020-10-12 21:55:26.055  INFO 14600 --- [SpringContextShutdownHook] o.s.s.concurrent.ThreadPoolTaskExecutor  : Shutting down ExecutorService 'applicationTaskExecutor'
2020-10-12 22:07:56.189  INFO 14964 --- [restartedMain] c.wjq.config.SpringbootDemoApplication   : Starting SpringbootDemoApplication on JRA1W1PF228H1N with PID 14964 (D:\IdeaProjects\WJQ\springboot-demo\target\classes started by wangjianqiang24 in D:\IdeaProjects\WJQ)
2020-10-12 22:07:56.191  INFO 14964 --- [restartedMain] c.wjq.config.SpringbootDemoApplication   : No active profile set, falling back to default profiles: default
2020-10-12 22:07:56.230  INFO 14964 --- [restartedMain] .e.DevToolsPropertyDefaultsPostProcessor : Devtools property defaults active! Set 'spring.devtools.add-properties' to 'false' to disable
2020-10-12 22:07:56.231  INFO 14964 --- [restartedMain] .e.DevToolsPropertyDefaultsPostProcessor : For additional web related logging consider setting the 'logging.level.web' property to 'DEBUG'
2020-10-12 22:07:56.924  INFO 14964 --- [restartedMain] o.s.b.w.embedded.tomcat.TomcatWebServer  : Tomcat initialized with port(s): 8080 (http)
2020-10-12 22:07:56.932  INFO 14964 --- [restartedMain] o.apache.catalina.core.StandardService   : Starting service [Tomcat]
2020-10-12 22:07:56.932  INFO 14964 --- [restartedMain] org.apache.catalina.core.StandardEngine  : Starting Servlet engine: [Apache Tomcat/9.0.38]
2020-10-12 22:07:57.007  INFO 14964 --- [restartedMain] o.a.c.c.C.[Tomcat].[localhost].[/]       : Initializing Spring embedded WebApplicationContext
2020-10-12 22:07:57.007  INFO 14964 --- [restartedMain] w.s.c.ServletWebServerApplicationContext : Root WebApplicationContext: initialization completed in 776 ms
2020-10-12 22:07:57.150  INFO 14964 --- [restartedMain] o.s.s.concurrent.ThreadPoolTaskExecutor  : Initializing ExecutorService 'applicationTaskExecutor'
2020-10-12 22:07:57.296  INFO 14964 --- [restartedMain] o.s.b.d.a.OptionalLiveReloadServer       : LiveReload server is running on port 35729
2020-10-12 22:07:57.323  INFO 14964 --- [restartedMain] o.s.b.w.embedded.tomcat.TomcatWebServer  : Tomcat started on port(s): 8080 (http) with context path ''
2020-10-12 22:07:57.332  INFO 14964 --- [restartedMain] c.wjq.config.SpringbootDemoApplication   : Started SpringbootDemoApplication in 3.089 seconds (JVM running for 4.009)
2020-10-12 22:07:59.661  INFO 14964 --- [SpringContextShutdownHook] o.s.s.concurrent.ThreadPoolTaskExecutor  : Shutting down ExecutorService 'applicationTaskExecutor'
2020-10-12 22:08:21.128  INFO 6960 --- [restartedMain] c.wjq.config.SpringbootDemoApplication   : Starting SpringbootDemoApplication on JRA1W1PF228H1N with PID 6960 (D:\IdeaProjects\WJQ\springboot-demo\target\classes started by wangjianqiang24 in D:\IdeaProjects\WJQ)
2020-10-12 22:08:21.132  INFO 6960 --- [restartedMain] c.wjq.config.SpringbootDemoApplication   : No active profile set, falling back to default profiles: default
2020-10-12 22:08:25.920  INFO 2908 --- [restartedMain] c.wjq.config.SpringbootDemoApplication   : Starting SpringbootDemoApplication on JRA1W1PF228H1N with PID 2908 (D:\IdeaProjects\WJQ\springboot-demo\target\classes started by wangjianqiang24 in D:\IdeaProjects\WJQ)
2020-10-12 22:08:25.922  INFO 2908 --- [restartedMain] c.wjq.config.SpringbootDemoApplication   : No active profile set, falling back to default profiles: default
2020-10-12 22:08:25.960  INFO 2908 --- [restartedMain] .e.DevToolsPropertyDefaultsPostProcessor : Devtools property defaults active! Set 'spring.devtools.add-properties' to 'false' to disable
2020-10-12 22:08:25.960  INFO 2908 --- [restartedMain] .e.DevToolsPropertyDefaultsPostProcessor : For additional web related logging consider setting the 'logging.level.web' property to 'DEBUG'
2020-10-12 22:08:26.647  INFO 2908 --- [restartedMain] o.s.b.w.embedded.tomcat.TomcatWebServer  : Tomcat initialized with port(s): 8080 (http)
2020-10-12 22:08:26.654  INFO 2908 --- [restartedMain] o.apache.catalina.core.StandardService   : Starting service [Tomcat]
2020-10-12 22:08:26.654  INFO 2908 --- [restartedMain] org.apache.catalina.core.StandardEngine  : Starting Servlet engine: [Apache Tomcat/9.0.38]
2020-10-12 22:08:26.728  INFO 2908 --- [restartedMain] o.a.c.c.C.[Tomcat].[localhost].[/]       : Initializing Spring embedded WebApplicationContext
2020-10-12 22:08:26.728  INFO 2908 --- [restartedMain] w.s.c.ServletWebServerApplicationContext : Root WebApplicationContext: initialization completed in 767 ms
2020-10-12 22:08:26.872  INFO 2908 --- [restartedMain] o.s.s.concurrent.ThreadPoolTaskExecutor  : Initializing ExecutorService 'applicationTaskExecutor'
2020-10-12 22:08:27.023  INFO 2908 --- [restartedMain] o.s.b.d.a.OptionalLiveReloadServer       : LiveReload server is running on port 35729
2020-10-12 22:08:27.051  INFO 2908 --- [restartedMain] o.s.b.w.embedded.tomcat.TomcatWebServer  : Tomcat started on port(s): 8080 (http) with context path ''
2020-10-12 22:08:27.060  INFO 2908 --- [restartedMain] c.wjq.config.SpringbootDemoApplication   : Started SpringbootDemoApplication in 1.429 seconds (JVM running for 3.203)
2020-10-12 22:08:37.497  INFO 2908 --- [SpringContextShutdownHook] o.s.s.concurrent.ThreadPoolTaskExecutor  : Shutting down ExecutorService 'applicationTaskExecutor'
2020-10-12 22:08:54.117  INFO 6504 --- [restartedMain] c.wjq.config.SpringbootDemoApplication   : Starting SpringbootDemoApplication on JRA1W1PF228H1N with PID 6504 (D:\IdeaProjects\WJQ\springboot-demo\target\classes started by wangjianqiang24 in D:\IdeaProjects\WJQ)
2020-10-12 22:08:54.119  INFO 6504 --- [restartedMain] c.wjq.config.SpringbootDemoApplication   : No active profile set, falling back to default profiles: default
2020-10-12 22:08:54.157  INFO 6504 --- [restartedMain] .e.DevToolsPropertyDefaultsPostProcessor : Devtools property defaults active! Set 'spring.devtools.add-properties' to 'false' to disable
2020-10-12 22:08:54.157  INFO 6504 --- [restartedMain] .e.DevToolsPropertyDefaultsPostProcessor : For additional web related logging consider setting the 'logging.level.web' property to 'DEBUG'
2020-10-12 22:08:54.854  INFO 6504 --- [restartedMain] o.s.b.w.embedded.tomcat.TomcatWebServer  : Tomcat initialized with port(s): 8080 (http)
2020-10-12 22:08:54.862  INFO 6504 --- [restartedMain] o.apache.catalina.core.StandardService   : Starting service [Tomcat]
2020-10-12 22:08:54.862  INFO 6504 --- [restartedMain] org.apache.catalina.core.StandardEngine  : Starting Servlet engine: [Apache Tomcat/9.0.38]
2020-10-12 22:08:54.936  INFO 6504 --- [restartedMain] o.a.c.c.C.[Tomcat].[localhost].[/]       : Initializing Spring embedded WebApplicationContext
2020-10-12 22:08:54.936  INFO 6504 --- [restartedMain] w.s.c.ServletWebServerApplicationContext : Root WebApplicationContext: initialization completed in 779 ms
2020-10-12 22:08:55.081  INFO 6504 --- [restartedMain] o.s.s.concurrent.ThreadPoolTaskExecutor  : Initializing ExecutorService 'applicationTaskExecutor'
2020-10-12 22:08:55.235  INFO 6504 --- [restartedMain] o.s.b.d.a.OptionalLiveReloadServer       : LiveReload server is running on port 35729
2020-10-12 22:08:55.263  INFO 6504 --- [restartedMain] o.s.b.w.embedded.tomcat.TomcatWebServer  : Tomcat started on port(s): 8080 (http) with context path ''
2020-10-12 22:08:55.272  INFO 6504 --- [restartedMain] c.wjq.config.SpringbootDemoApplication   : Started SpringbootDemoApplication in 1.437 seconds (JVM running for 4.499)
2020-10-12 22:09:10.214  INFO 6504 --- [SpringContextShutdownHook] o.s.s.concurrent.ThreadPoolTaskExecutor  : Shutting down ExecutorService 'applicationTaskExecutor'
2020-10-12 22:09:12.914  INFO 3344 --- [restartedMain] c.wjq.config.SpringbootDemoApplication   : Starting SpringbootDemoApplication on JRA1W1PF228H1N with PID 3344 (D:\IdeaProjects\WJQ\springboot-demo\target\classes started by wangjianqiang24 in D:\IdeaProjects\WJQ)
2020-10-12 22:09:12.917  INFO 3344 --- [restartedMain] c.wjq.config.SpringbootDemoApplication   : No active profile set, falling back to default profiles: default
2020-10-12 22:09:12.962  INFO 3344 --- [restartedMain] .e.DevToolsPropertyDefaultsPostProcessor : Devtools property defaults active! Set 'spring.devtools.add-properties' to 'false' to disable
2020-10-12 22:09:12.963  INFO 3344 --- [restartedMain] .e.DevToolsPropertyDefaultsPostProcessor : For additional web related logging consider setting the 'logging.level.web' property to 'DEBUG'
2020-10-12 22:09:13.652  INFO 3344 --- [restartedMain] o.s.b.w.embedded.tomcat.TomcatWebServer  : Tomcat initialized with port(s): 8080 (http)
2020-10-12 22:09:13.658  INFO 3344 --- [restartedMain] o.apache.catalina.core.StandardService   : Starting service [Tomcat]
2020-10-12 22:09:13.658  INFO 3344 --- [restartedMain] org.apache.catalina.core.StandardEngine  : Starting Servlet engine: [Apache Tomcat/9.0.38]
2020-10-12 22:09:13.718  INFO 3344 --- [restartedMain] o.a.c.c.C.[Tomcat].[localhost].[/]       : Initializing Spring embedded WebApplicationContext
2020-10-12 22:09:13.718  INFO 3344 --- [restartedMain] w.s.c.ServletWebServerApplicationContext : Root WebApplicationContext: initialization completed in 755 ms
2020-10-12 22:09:13.842  INFO 3344 --- [restartedMain] o.s.s.concurrent.ThreadPoolTaskExecutor  : Initializing ExecutorService 'applicationTaskExecutor'
2020-10-12 22:09:13.977  INFO 3344 --- [restartedMain] o.s.b.d.a.OptionalLiveReloadServer       : LiveReload server is running on port 35729
2020-10-12 22:09:14.001  INFO 3344 --- [restartedMain] o.s.b.w.embedded.tomcat.TomcatWebServer  : Tomcat started on port(s): 8080 (http) with context path ''
2020-10-12 22:09:14.009  INFO 3344 --- [restartedMain] c.wjq.config.SpringbootDemoApplication   : Started SpringbootDemoApplication in 1.407 seconds (JVM running for 2.25)
2020-10-12 22:09:43.074  INFO 6300 --- [restartedMain] c.wjq.config.SpringbootDemoApplication   : Starting SpringbootDemoApplication on JRA1W1PF228H1N with PID 6300 (D:\IdeaProjects\WJQ\springboot-demo\target\classes started by wangjianqiang24 in D:\IdeaProjects\WJQ)
2020-10-12 22:09:43.077  INFO 6300 --- [restartedMain] c.wjq.config.SpringbootDemoApplication   : No active profile set, falling back to default profiles: default
2020-10-12 22:09:43.118  INFO 6300 --- [restartedMain] .e.DevToolsPropertyDefaultsPostProcessor : Devtools property defaults active! Set 'spring.devtools.add-properties' to 'false' to disable
2020-10-12 22:09:43.118  INFO 6300 --- [restartedMain] .e.DevToolsPropertyDefaultsPostProcessor : For additional web related logging consider setting the 'logging.level.web' property to 'DEBUG'
2020-10-12 22:09:43.801  INFO 6300 --- [restartedMain] o.s.b.w.embedded.tomcat.TomcatWebServer  : Tomcat initialized with port(s): 8080 (http)
2020-10-12 22:09:43.809  INFO 6300 --- [restartedMain] o.apache.catalina.core.StandardService   : Starting service [Tomcat]
2020-10-12 22:09:43.810  INFO 6300 --- [restartedMain] org.apache.catalina.core.StandardEngine  : Starting Servlet engine: [Apache Tomcat/9.0.38]
2020-10-12 22:09:43.886  INFO 6300 --- [restartedMain] o.a.c.c.C.[Tomcat].[localhost].[/]       : Initializing Spring embedded WebApplicationContext
2020-10-12 22:09:43.886  INFO 6300 --- [restartedMain] w.s.c.ServletWebServerApplicationContext : Root WebApplicationContext: initialization completed in 768 ms
2020-10-12 22:09:44.031  INFO 6300 --- [restartedMain] o.s.s.concurrent.ThreadPoolTaskExecutor  : Initializing ExecutorService 'applicationTaskExecutor'
2020-10-12 22:09:44.179  INFO 6300 --- [restartedMain] o.s.b.d.a.OptionalLiveReloadServer       : LiveReload server is running on port 35729
2020-10-12 22:09:44.207  INFO 6300 --- [restartedMain] o.s.b.w.embedded.tomcat.TomcatWebServer  : Tomcat started on port(s): 8080 (http) with context path ''
2020-10-12 22:09:44.215  INFO 6300 --- [restartedMain] c.wjq.config.SpringbootDemoApplication   : Started SpringbootDemoApplication in 1.427 seconds (JVM running for 23.66)
2020-10-12 22:09:53.528  INFO 6300 --- [SpringContextShutdownHook] o.s.s.concurrent.ThreadPoolTaskExecutor  : Shutting down ExecutorService 'applicationTaskExecutor'
2020-10-12 22:09:57.680  INFO 1040 --- [restartedMain] c.wjq.config.SpringbootDemoApplication   : Starting SpringbootDemoApplication on JRA1W1PF228H1N with PID 1040 (D:\IdeaProjects\WJQ\springboot-demo\target\classes started by wangjianqiang24 in D:\IdeaProjects\WJQ)
2020-10-12 22:09:57.683  INFO 1040 --- [restartedMain] c.wjq.config.SpringbootDemoApplication   : No active profile set, falling back to default profiles: default
2020-10-12 22:09:57.719  INFO 1040 --- [restartedMain] .e.DevToolsPropertyDefaultsPostProcessor : Devtools property defaults active! Set 'spring.devtools.add-properties' to 'false' to disable
2020-10-12 22:09:57.720  INFO 1040 --- [restartedMain] .e.DevToolsPropertyDefaultsPostProcessor : For additional web related logging consider setting the 'logging.level.web' property to 'DEBUG'
2020-10-12 22:09:58.412  INFO 1040 --- [restartedMain] o.s.b.w.embedded.tomcat.TomcatWebServer  : Tomcat initialized with port(s): 8080 (http)
2020-10-12 22:09:58.419  INFO 1040 --- [restartedMain] o.apache.catalina.core.StandardService   : Starting service [Tomcat]
2020-10-12 22:09:58.419  INFO 1040 --- [restartedMain] org.apache.catalina.core.StandardEngine  : Starting Servlet engine: [Apache Tomcat/9.0.38]
2020-10-12 22:09:58.491  INFO 1040 --- [restartedMain] o.a.c.c.C.[Tomcat].[localhost].[/]       : Initializing Spring embedded WebApplicationContext
2020-10-12 22:09:58.492  INFO 1040 --- [restartedMain] w.s.c.ServletWebServerApplicationContext : Root WebApplicationContext: initialization completed in 772 ms
2020-10-12 22:09:58.632  INFO 1040 --- [restartedMain] o.s.s.concurrent.ThreadPoolTaskExecutor  : Initializing ExecutorService 'applicationTaskExecutor'
2020-10-12 22:09:58.781  INFO 1040 --- [restartedMain] o.s.b.d.a.OptionalLiveReloadServer       : LiveReload server is running on port 35729
2020-10-12 22:09:58.809  INFO 1040 --- [restartedMain] o.s.b.w.embedded.tomcat.TomcatWebServer  : Tomcat started on port(s): 8080 (http) with context path ''
2020-10-12 22:09:58.817  INFO 1040 --- [restartedMain] c.wjq.config.SpringbootDemoApplication   : Started SpringbootDemoApplication in 1.425 seconds (JVM running for 3.777)
2020-10-12 22:09:59.542  INFO 1040 --- [SpringContextShutdownHook] o.s.s.concurrent.ThreadPoolTaskExecutor  : Shutting down ExecutorService 'applicationTaskExecutor'
2020-10-12 22:12:04.419  INFO 1208 --- [restartedMain] c.wjq.config.SpringbootDemoApplication   : Starting SpringbootDemoApplication on JRA1W1PF228H1N with PID 1208 (D:\IdeaProjects\WJQ\springboot-demo\target\classes started by wangjianqiang24 in D:\IdeaProjects\WJQ)
2020-10-12 22:12:04.422  INFO 1208 --- [restartedMain] c.wjq.config.SpringbootDemoApplication   : No active profile set, falling back to default profiles: default
2020-10-12 22:12:04.467  INFO 1208 --- [restartedMain] .e.DevToolsPropertyDefaultsPostProcessor : Devtools property defaults active! Set 'spring.devtools.add-properties' to 'false' to disable
2020-10-12 22:12:04.467  INFO 1208 --- [restartedMain] .e.DevToolsPropertyDefaultsPostProcessor : For additional web related logging consider setting the 'logging.level.web' property to 'DEBUG'
2020-10-12 22:12:05.161  INFO 1208 --- [restartedMain] o.s.b.w.embedded.tomcat.TomcatWebServer  : Tomcat initialized with port(s): 8080 (http)
2020-10-12 22:12:05.168  INFO 1208 --- [restartedMain] o.apache.catalina.core.StandardService   : Starting service [Tomcat]
2020-10-12 22:12:05.168  INFO 1208 --- [restartedMain] org.apache.catalina.core.StandardEngine  : Starting Servlet engine: [Apache Tomcat/9.0.38]
2020-10-12 22:12:05.245  INFO 1208 --- [restartedMain] o.a.c.c.C.[Tomcat].[localhost].[/]       : Initializing Spring embedded WebApplicationContext
2020-10-12 22:12:05.246  INFO 1208 --- [restartedMain] w.s.c.ServletWebServerApplicationContext : Root WebApplicationContext: initialization completed in 779 ms
2020-10-12 22:12:05.388  INFO 1208 --- [restartedMain] o.s.s.concurrent.ThreadPoolTaskExecutor  : Initializing ExecutorService 'applicationTaskExecutor'
2020-10-12 22:12:05.544  INFO 1208 --- [restartedMain] o.s.b.d.a.OptionalLiveReloadServer       : LiveReload server is running on port 35729
2020-10-12 22:12:05.572  INFO 1208 --- [restartedMain] o.s.b.w.embedded.tomcat.TomcatWebServer  : Tomcat started on port(s): 8080 (http) with context path ''
2020-10-12 22:12:05.580  INFO 1208 --- [restartedMain] c.wjq.config.SpringbootDemoApplication   : Started SpringbootDemoApplication in 1.458 seconds (JVM running for 123.315)
2020-10-12 22:12:31.411  INFO 1208 --- [SpringContextShutdownHook] o.s.s.concurrent.ThreadPoolTaskExecutor  : Shutting down ExecutorService 'applicationTaskExecutor'
